Running: C:\Xilinx\14.7\ISE_DS\ISE\bin\nt64\unwrapped\fuse.exe -intstyle ise -incremental -lib unisims_ver -lib unimacro_ver -lib xilinxcorelib_ver -o D:/University/7. FALL 2022/Digital System Design/Theory/CarrySelectAdder/test_isim_beh.exe -prj D:/University/7. FALL 2022/Digital System Design/Theory/CarrySelectAdder/test_beh.prj work.test work.glbl 
ISim P.20131013 (signature 0x7708f090)
Number of CPUs detected in this system: 4
Turning on mult-threading, number of parallel sub-compilation jobs: 8 
Determining compilation order of HDL files
Analyzing Verilog file "D:/University/7. FALL 2022/Digital System Design/Theory/CarrySelectAdder/rca.v" into library work
Analyzing Verilog file "D:/University/7. FALL 2022/Digital System Design/Theory/CarrySelectAdder/mux.v" into library work
Analyzing Verilog file "D:/University/7. FALL 2022/Digital System Design/Theory/CarrySelectAdder/csa.v" into library work
Analyzing Verilog file "D:/University/7. FALL 2022/Digital System Design/Theory/CarrySelectAdder/test.v" into library work
Analyzing Verilog file "C:/Xilinx/14.7/ISE_DS/ISE//verilog/src/glbl.v" into library work
Starting static elaboration
WARNING:HDLCompiler:189 - "D:/University/7. FALL 2022/Digital System Design/Theory/CarrySelectAdder/csa.v" Line 48: Size mismatch in connection of port <cin>. Formal port size is 1-bit while actual signal size is 32-bit.
WARNING:HDLCompiler:189 - "D:/University/7. FALL 2022/Digital System Design/Theory/CarrySelectAdder/csa.v" Line 51: Size mismatch in connection of port <cin>. Formal port size is 1-bit while actual signal size is 32-bit.
Completed static elaboration
Compiling module adder
Compiling module rca_default
Compiling module rca(n=5)
Compiling module mux
Compiling module mux(n=5)
Compiling module csa
Compiling module test
Compiling module glbl
Time Resolution for simulation is 1ps.
Waiting for 1 sub-compilation(s) to finish...
Compiled 8 Verilog Units
Built simulation executable D:/University/7. FALL 2022/Digital System Design/Theory/CarrySelectAdder/test_isim_beh.exe
Fuse Memory Usage: 28872 KB
Fuse CPU Usage: 468 ms
